[debug] [2018-05-23T08:15:18.044Z] ----------------------------------------------------------------------
[debug] [2018-05-23T08:15:18.045Z] Command:       /usr/local/bin/node /usr/local/bin/firebase deploy
[debug] [2018-05-23T08:15:18.045Z] CLI Version:   3.18.5
[debug] [2018-05-23T08:15:18.046Z] Platform:      darwin
[debug] [2018-05-23T08:15:18.046Z] Node Version:  v8.11.2
[debug] [2018-05-23T08:15:18.046Z] Time:          Wed May 23 2018 15:15:18 GMT+0700 (+07)
[debug] [2018-05-23T08:15:18.046Z] ----------------------------------------------------------------------
[debug] 
[debug] [2018-05-23T08:15:18.058Z] > command requires scopes: ["email","openid","https://www.googleapis.com/auth/cloudplatformprojects.readonly","https://www.googleapis.com/auth/firebase","https://www.googleapis.com/auth/cloud-platform"]
[debug] [2018-05-23T08:15:18.059Z] > authorizing via signed-in user
[debug] [2018-05-23T08:15:18.060Z] > refreshing access token with scopes: ["email","https://www.googleapis.com/auth/cloud-platform","https://www.googleapis.com/auth/cloudplatformprojects.readonly","https://www.googleapis.com/auth/firebase","openid"]
[debug] [2018-05-23T08:15:18.060Z] >>> HTTP REQUEST POST https://www.googleapis.com/oauth2/v3/token  
 { refresh_token: '1/XN79uU1HwGos3wZVBeJNf9aqedfDmO_5cqdPVx0Fju8',
  client_id: '563584335869-fgrhgmd47bqnekij5i8b5pr03ho849e6.apps.googleusercontent.com',
  client_secret: 'j9iVZfS8kkCEFUPaAeJV0sAi',
  grant_type: 'refresh_token',
  scope: 'email https://www.googleapis.com/auth/cloud-platform https://www.googleapis.com/auth/cloudplatformprojects.readonly https://www.googleapis.com/auth/firebase openid' } 
 Wed May 23 2018 15:15:18 GMT+0700 (+07)
[debug] [2018-05-23T08:15:18.553Z] <<< HTTP RESPONSE 200
[debug] [2018-05-23T08:15:18.565Z] >>> HTTP REQUEST GET https://admin.firebase.com/v1/projects/test-palm  
  
 Wed May 23 2018 15:15:18 GMT+0700 (+07)
[debug] [2018-05-23T08:15:20.008Z] <<< HTTP RESPONSE 200
[debug] [2018-05-23T08:15:20.008Z] >>> HTTP REQUEST GET https://admin.firebase.com/v1/database/test-palm/tokens  
  
 Wed May 23 2018 15:15:20 GMT+0700 (+07)
[debug] [2018-05-23T08:15:23.934Z] <<< HTTP RESPONSE 200
[info] 
[info] === Deploying to 'test-palm'...
[info] 
[info] i  deploying hosting
[info] i  hosting: preparing dist directory for upload...
[debug] [2018-05-23T08:15:38.068Z] >>> HTTP REQUEST PUT https://deploy.firebase.com/v1/hosting/test-palm/uploads/-LDB3HmaxaAor6eO7sNG?fileCount=4559&message=  
  
 Wed May 23 2018 15:15:38 GMT+0700 (+07)
[debug] [2018-05-23T08:21:51.037Z] ----------------------------------------------------------------------
[debug] [2018-05-23T08:21:51.039Z] Command:       /usr/local/bin/node /usr/local/bin/firebase deploy
[debug] [2018-05-23T08:21:51.039Z] CLI Version:   3.18.5
[debug] [2018-05-23T08:21:51.039Z] Platform:      darwin
[debug] [2018-05-23T08:21:51.039Z] Node Version:  v8.11.2
[debug] [2018-05-23T08:21:51.039Z] Time:          Wed May 23 2018 15:21:51 GMT+0700 (+07)
[debug] [2018-05-23T08:21:51.039Z] ----------------------------------------------------------------------
[debug] 
[debug] [2018-05-23T08:21:51.049Z] > command requires scopes: ["email","openid","https://www.googleapis.com/auth/cloudplatformprojects.readonly","https://www.googleapis.com/auth/firebase","https://www.googleapis.com/auth/cloud-platform"]
[debug] [2018-05-23T08:21:51.049Z] > authorizing via signed-in user
[debug] [2018-05-23T08:21:51.050Z] >>> HTTP REQUEST GET https://admin.firebase.com/v1/projects/test-palm  
  
 Wed May 23 2018 15:21:51 GMT+0700 (+07)
[debug] [2018-05-23T08:21:53.573Z] <<< HTTP RESPONSE 200
[debug] [2018-05-23T08:21:53.574Z] >>> HTTP REQUEST GET https://admin.firebase.com/v1/database/test-palm/tokens  
  
 Wed May 23 2018 15:21:53 GMT+0700 (+07)
[debug] [2018-05-23T08:21:54.734Z] <<< HTTP RESPONSE 200
[info] 
[info] === Deploying to 'test-palm'...
[info] 
[info] i  deploying hosting
[info] i  hosting: preparing dist directory for upload...
[debug] [2018-05-23T08:22:09.320Z] >>> HTTP REQUEST PUT https://deploy.firebase.com/v1/hosting/test-palm/uploads/-LDB4mIZyMd_MGFjVOG_?fileCount=4559&message=  
  
 Wed May 23 2018 15:22:09 GMT+0700 (+07)
